<?xml version="1.0" encoding="UTF-8"?>
<!-- Generated by org.testng.reporters.JUnitXMLReporter -->
<testsuite ignored="0" hostname="RitusPC" failures="0" tests="4" name="Default test" time="43.962" errors="0" timestamp="2024-06-27T17:25:54 IST">
  <testcase classname="Firstapp.MQTT_IOT" name="iot" time="3.919"/>
  <testcase classname="Firstapp.MQTT_IOT" name="intitializationiot" time="11.934"/>
  <testcase classname="Firstapp.MQTT_IOT" name="mqtt" time="6.709"/>
  <testcase classname="Firstapp.MQTT_IOT" name="initializationmqtt" time="21.22"/>
</testsuite> <!-- Default test -->
