<?xml version="1.0" encoding="UTF-8"?>
<testng-results ignored="0" total="1" passed="1" failed="0" skipped="0">
  <reporter-output>
  </reporter-output>
  <suite started-at="2024-07-30T11:49:33 IST" name="Suite" finished-at="2024-07-30T11:49:53 IST" duration-ms="19490">
    <groups>
    </groups>
    <test started-at="2024-07-30T11:49:33 IST" name="Test" finished-at="2024-07-30T11:49:53 IST" duration-ms="19490">
      <class name="Firstapp.MQTTAuto">
        <test-method is-config="true" signature="initialization()[pri:0, instance:Firstapp.MQTTAuto@1ed6388a]" started-at="2024-07-30T11:49:33 IST" name="initialization" finished-at="2024-07-30T11:49:35 IST" duration-ms="2008" status="PASS">
          <reporter-output>
          </reporter-output>
        </test-method> <!-- initialization -->
        <test-method signature="interactwMqtt()[pri:0, instance:Firstapp.MQTTAuto@1ed6388a]" started-at="2024-07-30T11:49:35 IST" name="interactwMqtt" finished-at="2024-07-30T11:49:53 IST" duration-ms="17379" status="PASS">
          <reporter-output>
          </reporter-output>
        </test-method> <!-- interactwMqtt -->
      </class> <!-- Firstapp.MQTTAuto -->
    </test> <!-- Test -->
  </suite> <!-- Suite -->
</testng-results>
