<?xml version="1.0" encoding="UTF-8"?>
<testng-results ignored="0" total="1" passed="1" failed="0" skipped="0">
  <reporter-output>
  </reporter-output>
  <suite started-at="2024-07-24T11:07:15 IST" name="Default suite" finished-at="2024-07-24T11:07:34 IST" duration-ms="19507">
    <groups>
    </groups>
    <test started-at="2024-07-24T11:07:15 IST" name="Default test" finished-at="2024-07-24T11:07:34 IST" duration-ms="19507">
      <class name="Firstapp.Azzure">
        <test-method is-config="true" signature="initialization()[pri:0, instance:Firstapp.Azzure@1dfd5f51]" started-at="2024-07-24T11:07:15 IST" name="initialization" finished-at="2024-07-24T11:07:18 IST" duration-ms="3155" status="PASS">
          <reporter-output>
          </reporter-output>
        </test-method> <!-- initialization -->
        <test-method signature="interact()[pri:0, instance:Firstapp.Azzure@1dfd5f51]" started-at="2024-07-24T11:07:18 IST" name="interact" finished-at="2024-07-24T11:07:34 IST" duration-ms="16223" status="PASS">
          <reporter-output>
          </reporter-output>
        </test-method> <!-- interact -->
      </class> <!-- Firstapp.Azzure -->
    </test> <!-- Default test -->
  </suite> <!-- Default suite -->
</testng-results>
