<?xml version="1.0" encoding="UTF-8"?>
<testng-results ignored="0" total="1" passed="1" failed="0" skipped="0">
  <reporter-output>
  </reporter-output>
  <suite started-at="2024-06-26T17:46:36 IST" name="Default suite" finished-at="2024-06-26T17:46:54 IST" duration-ms="18176">
    <groups>
    </groups>
    <test started-at="2024-06-26T17:46:36 IST" name="Default test" finished-at="2024-06-26T17:46:54 IST" duration-ms="18176">
      <class name="Firstapp.MQTTAuto">
        <test-method is-config="true" signature="initialization()[pri:0, instance:Firstapp.MQTTAuto@4593ff34]" started-at="2024-06-26T17:46:36 IST" name="initialization" finished-at="2024-06-26T17:46:41 IST" duration-ms="4274" status="PASS">
          <reporter-output>
          </reporter-output>
        </test-method> <!-- initialization -->
        <test-method signature="interactwMqtt()[pri:0, instance:Firstapp.MQTTAuto@4593ff34]" started-at="2024-06-26T17:46:41 IST" name="interactwMqtt" finished-at="2024-06-26T17:46:54 IST" duration-ms="13682" status="PASS">
          <reporter-output>
          </reporter-output>
        </test-method> <!-- interactwMqtt -->
      </class> <!-- Firstapp.MQTTAuto -->
    </test> <!-- Default test -->
  </suite> <!-- Default suite -->
</testng-results>
